
{"level":"error","message":"invalid credentials for email: callistus56@gmail.com password:Qqwerty12!","service":"tiiza-app","timestamp":"2023-04-24 01:40:15"}
{"level":"error","message":"invalid credentials for email: callistus56@gmail.com password:Qqwerty12!","service":"tiiza-app","timestamp":"2023-04-24 01:41:58"}
{"level":"error","message":"invalid credentials for email: callistus56@gmail.com password:Qqwerty12!","service":"tiiza-app","timestamp":"2023-04-24 01:42:50"}
{"level":"error","message":"invalid credentials for email: callistus56@gmail.com password:Qqwerty12!","service":"tiiza-app","timestamp":"2023-04-24 01:43:25"}
{"level":"error","message":"invalid credentials for email: callistus06@gmail.com password:Qqwerty12!","service":"tiiza-app","timestamp":"2023-04-24 01:46:22"}
{"level":"error","message":"invalid credentials for email: callistus06@gmail.com password:Qqwerty12!","service":"tiiza-app","timestamp":"2023-04-24 01:47:29"}
{"level":"error","message":"invalid credentials for email: callistus06@gmail.com password:Qqwerty12!","service":"tiiza-app","timestamp":"2023-04-24 01:48:22"}
{"action":"register lost item","errorSource":"lostitem DB","errorType":"DB Error","level":"error","message":"Unable to register Lost Item in Database","service":"tiiza-app","timestamp":"2023-04-24 03:33:15","userId":4}
{"action":"register lost item","errorSource":"lostitem DB","errorType":"DB Error","level":"error","message":"Unable to register Lost Item in Database","service":"tiiza-app","timestamp":"2023-04-24 03:37:54","userId":4}
{"action":"register lost item","errorSource":"lostitem DB","errorType":"DB Error","ip":"::1","level":"error","message":"Unable to register Lost Item in Database","service":"tiiza-app","timestamp":"2023-04-24 03:40:32","userId":4}
{"action":"login","errorSource":"Login DB","errorType":"authentication error","ip":"::1","level":"warn","message":"invalid Credentials | user does not exist Email:undefined","service":"tiiza-app","statusCode":404,"timestamp":"2023-04-24 04:54:43","userId":null}
{"action":"login","errorSource":"Login DB","errorType":"authentication error","ip":"::1","level":"warn","message":"invalid Credentials | user does not exist Email:undefined","service":"tiiza-app","statusCode":404,"timestamp":"2023-04-24 04:57:56","userId":null}
{"action":"login","errorSource":"Login DB","errorType":"authentication error","ip":"::1","level":"warn","message":"invalid Credentials | user does not exist Email:undefined","service":"tiiza-app","statusCode":404,"timestamp":"2023-04-24 04:58:22","userId":null}
{"action":"login","errorSource":"Login DB","errorType":"authentication error","ip":"::1","level":"warn","message":"invalid Credentials | user does not exist Email:callistus45@gmail.com","service":"tiiza-app","statusCode":404,"timestamp":"2023-04-24 04:58:36","userId":null}
{"action":"login","errorSource":"Login DB","errorType":"authentication error","ip":"::1","level":"warn","message":"invalid Credentials | user does not exist Email:callistus405@gmail.com","service":"tiiza-app","statusCode":404,"timestamp":"2023-04-24 06:13:07","userId":null}
{"action":"login","errorSource":"Login DB","errorType":"authentication error","ip":"::1","level":"warn","message":"invalid Credentials | user does not exist Email:callistus405@gmail.com","service":"tiiza-app","statusCode":404,"timestamp":"2023-04-24 06:14:53","userId":null}
{"action":"login","errorSource":"Login DB","errorType":"authentication error","ip":"::1","level":"warn","message":"invalid Credentials | user does not exist Email:undefined","service":"tiiza-app","statusCode":404,"timestamp":"2023-04-24 06:15:25","userId":null}
{"action":"login","errorSource":"Login DB","errorType":"authentication error","ip":"::1","level":"warn","message":"invalid Credentials | user does not exist Email:undefined","service":"tiiza-app","statusCode":404,"timestamp":"2023-04-24 06:15:44","userId":null}
{"action":"login","errorSource":"Login DB","errorType":"authentication error","ip":"::1","level":"warn","message":"invalid Credentials | user does not exist Email:undefined","service":"tiiza-app","statusCode":404,"timestamp":"2023-04-24 06:16:36","userId":null}
{"action":"login","errorSource":"Login DB","errorType":"authentication error","ip":"::1","level":"warn","message":"invalid Credentials | user does not exist Email:undefined","service":"tiiza-app","statusCode":404,"timestamp":"2023-04-24 06:17:27","userId":null}
{"action":"login","errorSource":"Login DB","errorType":"authentication error","ip":"::1","level":"warn","message":"invalid Credentials | user does not exist Email:undefined","service":"tiiza-app","statusCode":404,"timestamp":"2023-04-24 06:18:20","userId":null}
{"action":"login","errorSource":"Login DB","errorType":"authentication error","ip":"::1","level":"warn","message":"invalid Credentials | user does not exist Email:undefined","service":"tiiza-app","statusCode":404,"timestamp":"2023-04-24 06:19:14","userId":null}
{"action":"login","errorSource":"Login DB","errorType":"authentication error","ip":"::1","level":"warn","message":"invalid Credentials | user does not exist Email:undefined","service":"tiiza-app","statusCode":404,"timestamp":"2023-04-24 06:20:06","userId":null}
{"action":"login","errorSource":"Login DB","errorType":"authentication error","ip":"::1","level":"warn","message":"invalid Credentials | user does not exist Email:undefined","service":"tiiza-app","statusCode":404,"timestamp":"2023-04-24 06:20:44","userId":null}
{"action":"login","errorSource":"Login DB","errorType":"authentication error","ip":"::1","level":"warn","message":"invalid Credentials | user does not exist Email:callistus406@gmail.com","service":"tiiza-app","statusCode":404,"timestamp":"2023-04-24 06:23:40","userId":null}
{"action":"login","errorSource":"Login DB","errorType":"authentication error","ip":"::1","level":"warn","message":"invalid Credentials | user does not exist Email:callistus406@gmail.com","service":"tiiza-app","statusCode":404,"timestamp":"2023-04-24 06:24:04","userId":null}
{"action":"login","errorSource":"Login DB","errorType":"authentication error","ip":"::1","level":"warn","message":"invalid Credentials | user does not exist Email:callistus506@gmail.com","service":"tiiza-app","statusCode":404,"timestamp":"2023-04-24 06:27:27","userId":null}
{"action":"login","errorSource":"Login DB","errorType":"authentication error","ip":"::1","level":"warn","message":"invalid Credentials | user does not exist Email:callistus506@gmail.com","service":"tiiza-app","statusCode":404,"timestamp":"2023-04-24 06:27:58","userId":null}
{"action":"login","errorSource":"Login DB","errorType":"authentication error","ip":"::1","level":"warn","message":"invalid Credentials | user does not exist Email:callistus506@gmail.com","service":"tiiza-app","statusCode":404,"timestamp":"2023-04-24 06:28:12","userId":null}
{"action":"login","errorSource":"Login DB","errorType":"authentication error","ip":"::1","level":"warn","message":"invalid Credentials | user does not exist Email:callistus56@gmail.com","service":"tiiza-app","statusCode":404,"timestamp":"2023-04-24 06:30:40","userId":null}
{"action":"login","errorSource":"Login DB","errorType":"authentication error","ip":"::1","level":"warn","message":"invalid Credentials | user does not exist Email:callistus506@gmail.com","service":"tiiza-app","statusCode":404,"timestamp":"2023-04-24 06:31:25","userId":null}
{"action":"login","errorSource":"Login DB","errorType":"authentication error","ip":"::1","level":"warn","message":"invalid Credentials | user does not exist Email:callistus506@gmail.com","service":"tiiza-app","statusCode":404,"timestamp":"2023-04-24 06:31:34","userId":null}
{"action":"login","errorSource":"Login DB","errorType":"authentication error","ip":"::1","level":"warn","message":"Incorrect email or Password | user does not exist Email:callistus506@gmail.com","service":"tiiza-app","statusCode":404,"timestamp":"2023-04-24 06:37:56","userId":null}
{"action":"login","errorSource":"Login DB","errorType":"authentication error","ip":"::1","level":"warn","message":"Incorrect email or Password | user does not exist Email:callistus506@gmail.com","service":"tiiza-app","statusCode":404,"timestamp":"2023-04-24 06:38:24","userId":null}
{"action":"login","errorSource":"Login DB","errorType":"authentication error","ip":"::1","level":"warn","message":"Invalid Credentials | user does not exist Email:callistus3406@gmail.com","service":"tiiza-app","statusCode":404,"timestamp":"2023-04-24 06:38:31","userId":null}
{"action":"login","errorSource":"Login DB","errorType":"authentication error","ip":"::1","level":"warn","message":"Failed login attempt for email: callistus3406@gmail.com. Reason: Incorrect password entered. | user does not exist Email:callistus3406@gmail.com","service":"tiiza-app","statusCode":404,"timestamp":"2023-04-24 06:43:20","userId":null}
{"action":"login","errorSource":"Login DB","errorType":"authentication error","ip":"::1","level":"warn","message":"Failed login attempt for email: callistus3406@gmail.com. Reason: Incorrect password entered.","service":"tiiza-app","statusCode":404,"timestamp":"2023-04-24 06:43:59","userId":null}
{"action":"login","errorSource":"Login DB","errorType":"authentication error","ip":"::1","level":"warn","message":"Failed login attempt for email: callistus3406@gmail.com. Reason: Incorrect password entered.","service":"tiiza-app","statusCode":404,"timestamp":"2023-04-24 06:44:18","userId":null}
{"action":"login","errorSource":"Login DB","errorType":"authentication error","ip":"::1","level":"warn","message":"Failed login attempt for email: callistus3406@gmail.com. Reason: Incorrect password entered.","service":"tiiza-app","timestamp":"2023-04-24 06:46:06","userId":null}
{"action":"login","errorSource":"Login DB","errorType":"authentication error","ip":"::1","level":"warn","message":"Failed login attempt for email: callistus3406@gmail.com. Reason: Incorrect password entered.","service":"tiiza-app","statusCode":404,"timestamp":"2023-04-24 06:46:20","userId":null}
{"action":"login","errorSource":"Login DB","errorType":"authentication error","ip":"::1","level":"warn","message":"Failed login attempt for email: callistus406@gmail.com. Reason: Incorrect password entered.","service":"tiiza-app","statusCode":401,"timestamp":"2023-04-24 06:46:47","userId":null}
{"action":"login","errorSource":"Login","errorType":"authentication error","ip":"::1","level":"info","message":"Failed login attempt for email: callistus46@gmail.com. Reason: Incorrect password entered.","service":"tiiza-app","statusCode":404,"timestamp":"2023-04-24 07:18:58","userId":null}
{"action":"login","errorSource":"Login","errorType":"authentication error","ip":"::1","level":"warn","message":"undefined","service":"tiiza-app","timestamp":"2023-04-24 07:42:14","userId":null}
{"action":"login","errorSource":"Login","errorType":"authentication error","ip":"::1","level":"warn","message":"undefined","service":"tiiza-app","timestamp":"2023-04-24 07:43:01","userId":null}
{"action":"login","errorSource":"Login","errorType":"authentication error","ip":"::1","level":"warn","message":"undefined","service":"tiiza-app","timestamp":"2023-04-24 07:43:35","userId":null}
{"action":"login","errorSource":"Login","errorType":"authentication error","ip":"::1","level":"warn","message":"undefined","service":"tiiza-app","timestamp":"2023-04-24 07:44:56","userId":null}
{"action":"login","errorSource":"Login","errorType":"authentication error","ip":"::1","level":"warn","message":"undefined","service":"tiiza-app","timestamp":"2023-04-24 07:45:58","userId":null}
{"action":"login","errorSource":"Login","errorType":"authentication error","ip":"::1","level":"warn","message":"undefined","service":"tiiza-app","timestamp":"2023-04-24 07:47:44","userId":null}
{"action":"login","errorSource":"Login","errorType":"authentication error","ip":"::1","level":"warn","message":"Failed login attempt for email: callistus06@gmail.com. Reason: Incorrect password entered.","service":"tiiza-app","statusCode":404,"timestamp":"2023-04-24 07:48:04","userId":null}
{"action":"login","errorSource":"Login","errorType":"authentication error","ip":"::1","level":"warn","message":"Failed login attempt for email: callistus506@gmail.com. Reason: Incorrect password entered.","service":"tiiza-app","statusCode":401,"timestamp":"2023-04-24 07:48:15","userId":null}
