{"action":"Lunch server","module":"Server","requestId":"Server Log","clientIp":null,"level":"info","message":"App is running on port5000","service":"tiiza-app","statusCode":500,"timestamp":"2023-04-29 01:32:51","userId":null}
{"action":"Lunch server","module":"Server","requestId":"Server Log","clientIp":null,"level":"info","message":"App is running on port5000","service":"tiiza-app","statusCode":500,"timestamp":"2023-04-29 01:33:03","userId":null}
{"action":"Lunch server","clientIp":null,"level":"info","message":"App is running on port5000","module":"Server","requestId":"Server Log","service":"tiiza-app","statusCode":500,"timestamp":"2023-04-29 02:42:59","userId":null}
{"action":"User Login","actionSource":"Login","clientIp":"::1","infoType":"SMS Error","level":"info","message":"Login Success","service":"tiiza-app","statusCode":200,"timestamp":"2023-04-29 02:43:30","userId":2}
{"action":"Lunch server","clientIp":null,"level":"info","message":"App is running on port5000","module":"Server","requestId":"Server Log","service":"tiiza-app","statusCode":500,"timestamp":"2023-04-29 02:44:09","userId":null}
{"action":"User Login","actionSource":"Login","clientIp":"::1","infoType":"SMS Error","level":"info","message":"Login Success","service":"tiiza-app","statusCode":200,"timestamp":"2023-04-29 02:44:18","userId":2}
{"action":"Lunch server","clientIp":null,"level":"info","message":"App is running on port5000","module":"Server","requestId":"Server Log","service":"tiiza-app","statusCode":500,"timestamp":"2023-04-29 02:44:39","userId":null}
{"action":"User Login","actionSource":"Login","clientIp":"::1","infoType":"SMS Error","level":"info","message":"Login Success","service":"tiiza-app","statusCode":200,"timestamp":"2023-04-29 02:44:42","userId":2}
{"action":"POST Request","clientIp":"::1","level":"info","message":"Incoming request","method":"POST","module":"/login","path":"/login","requestId":"43cbabf9-5440-4859-8f38-2692c7e485f5","service":"tiiza-app","statusCode":200,"timestamp":"2023-04-29 02:44:42","userId":2}
{"action":"Lunch server","clientIp":null,"level":"info","message":"App is running on port5000","module":"Server","requestId":"Server Log","service":"tiiza-app","statusCode":500,"timestamp":"2023-04-29 02:45:53","userId":null}
{"action":"User Login","actionSource":"Login","clientIp":"::1","infoType":"SMS Error","level":"info","message":"Login Success","service":"tiiza-app","statusCode":200,"timestamp":"2023-04-29 02:45:59","userId":2}
{"action":"POST Request","clientIp":"::1","lable":"TiizaApp","level":"info","message":"Incoming request","method":"POST","module":"/login","path":"/login","requestId":"451bdb56-01bb-432f-9340-3e6bc5143694","service":"tiiza-app","statusCode":200,"timestamp":"2023-04-29 02:45:59","userId":2}
{"action":"Lunch server","clientIp":null,"level":"info","message":"App is running on port5000","module":"Server","requestId":"Server Log","service":"tiiza-app","statusCode":500,"timestamp":"2023-04-29 02:50:05","userId":null}
{"action":"login","actionSource":"Login","clientIp":"::1","infoType":"authentication error","level":"warn","message":"Failed login attempt for email: callistus506@gmail.com. Reason: Incorrect password entered.","service":"tiiza-app","statusCode":401,"timestamp":"2023-04-29 03:03:53","userId":null}
{"action":"POST Request","clientIp":"::1","level":"info","message":"Incoming request","method":"POST","module":"/login","path":"/login","requestId":"1af44a93-cd2b-44d6-8ebd-8c3a5243378d","service":"tiiza-app","statusCode":401,"timestamp":"2023-04-29 03:03:53","userId":2}
{"action":"login","actionSource":"Login","clientIp":"::1","infoType":"authentication error","level":"warn","message":"Failed login attempt for email: callistus506@gmail.com. Reason: Incorrect password entered.","service":"tiiza-app","statusCode":401,"timestamp":"2023-04-29 03:06:38","userId":null}
{"action":"POST Request","clientIp":"::1","level":"info","message":"Incoming request","method":"POST","module":"/login","path":"/login","requestId":"13e77fd2-a7a6-43be-98fe-43f896193662","service":"tiiza-app","statusCode":401,"timestamp":"2023-04-29 03:06:38","userId":2}
{"action":"login","actionSource":"Login","clientIp":"::1","infoType":"authentication error","level":"warn","message":"Failed login attempt for email: callistus506@gmail.com. Reason: Incorrect password entered.","service":"tiiza-app","statusCode":401,"timestamp":"2023-04-29 03:07:53","userId":null}
{"action":"POST Request","clientIp":"::1","level":"info","message":"Incoming request","method":"POST","module":"/login","path":"/login","requestId":"600d6224-7596-4c39-a253-60fab0e00398","service":"tiiza-app","statusCode":401,"timestamp":"2023-04-29 03:07:53","userId":2}
{"action":"login","actionSource":"Login","clientIp":"::1","infoType":"authentication error","level":"warn","message":"Failed login attempt for email: callistus506@gmail.com. Reason: Incorrect password entered.","service":"tiiza-app","statusCode":401,"timestamp":"2023-04-29 03:08:16","userId":null}
{"action":"POST Request","clientIp":"::1","level":"info","message":"Incoming request","method":"POST","module":"/login","path":"/login","requestId":"af2d65a9-753c-43bc-b7c2-b2711101c032","service":"tiiza-app","statusCode":401,"timestamp":"2023-04-29 03:08:16","userId":2}
{"action":"Lunch server","clientIp":null,"level":"info","message":"App is running on port5000","module":"Server","requestId":"Server Log","service":"tiiza-app","statusCode":500,"timestamp":"2023-04-29 03:10:11","userId":null}
{"action":"Lunch server","clientIp":null,"level":"info","message":"App is running on port5000","module":"Server","requestId":"Server Log","service":"tiiza-app","statusCode":500,"timestamp":"2023-04-29 03:16:22","userId":null}
{"action":"authentication","clientIp":"::1","level":"warn","message":"Failed login attempt for email: callistus506@gmail.com. Reason: Incorrect password entered.","method":"POST","module":"login.js","path":"/login","requestId":"b2e115d1-dfe6-4e46-bcc6-12c9a337ae47","service":"tiiza-app","statusCode":401,"timestamp":"2023-04-29 03:16:34","userId":null}
{"action":"POST Request","clientIp":"::1","level":"info","message":"Incoming request","method":"POST","module":"/login","path":"/login","requestId":"22892a9e-8d1a-494e-8125-a98ed4dfa9e3","service":"tiiza-app","statusCode":401,"timestamp":"2023-04-29 03:16:34","userId":2}
{"action":"Lunch server","clientIp":null,"level":"info","message":"App is running on port5000","module":"Server","requestId":"Server Log","service":"tiiza-app","statusCode":500,"timestamp":"2023-04-29 03:20:02","userId":null}
{"action":"Lunch server","clientIp":null,"level":"info","message":"App is running on port5000","module":"Server","requestId":"Server Log","service":"tiiza-app","statusCode":500,"timestamp":"2023-04-29 03:21:41","userId":null}
{"action":"authentication","clientIp":"::1","level":"warn","message":"Failed login attempt for email: callistus506@gmail.com. Reason: Incorrect password entered.","method":"POST","module":"login.js","path":"/login","requestId":"bdbe6297-56ad-44ca-911a-b10c05dc361e","service":"tiiza-app","statusCode":401,"timestamp":"2023-04-29 03:21:44","userId":null}
{"action":"POST Request","clientIp":"::1","level":"info","message":"Incoming request","method":"POST","module":"/login","path":"/login","requestId":"663a6ee7-19f4-4e4b-8301-39d8bdc9b0cf","service":"tiiza-app","statusCode":401,"timestamp":"2023-04-29 03:21:44","userId":2}
{"action":"Lunch server","clientIp":null,"level":"info","message":"App is running on port5000","module":"Server","requestId":"Server Log","service":"tiiza-app","statusCode":500,"timestamp":"2023-04-29 03:25:09","userId":null}
{"action":"Lunch server","clientIp":null,"level":"info","message":"App is running on port5000","module":"Server","requestId":"Server Log","service":"tiiza-app","statusCode":500,"timestamp":"2023-04-29 03:29:30","userId":null}
{"action":"Lunch server","clientIp":null,"level":"info","message":"App is running on port5000","module":"Server","requestId":"Server Log","service":"tiiza-app","statusCode":500,"timestamp":"2023-04-29 03:29:40","userId":null}
{"action":"Lunch server","clientIp":null,"level":"info","message":"App is running on port5000","module":"Server","requestId":"Server Log","service":"tiiza-app","statusCode":500,"timestamp":"2023-04-29 03:33:21","userId":null}
{"action":"Lunch server","clientIp":null,"level":"info","message":"App is running on port5000","module":"Server","requestId":"Server Log","service":"tiiza-app","statusCode":500,"timestamp":"2023-04-29 03:34:15","userId":null}
{"action":"Lunch server","clientIp":null,"level":"info","message":"App is running on port5000","module":"Server","requestId":"Server Log","service":"tiiza-app","statusCode":500,"timestamp":"2023-04-29 03:37:45","userId":null}
{"action":"authentication","clientIp":"::1","level":"warn","message":"Validation Error ","method":"POST","module":"login.js","path":"/login","requestId":"dc657bca-3d45-4ffa-84e7-1cc06d5cc8cb","service":"tiiza-app","statusCode":400,"timestamp":"2023-04-29 03:37:55","userId":null}
{"action":"POST Request","clientIp":"::1","level":"info","message":"Incoming request","method":"POST","module":"/login","path":"/login","requestId":"f7804fbb-7325-418d-bdd9-3038db3dd71c","service":"tiiza-app","statusCode":401,"timestamp":"2023-04-29 03:37:55","userId":2}
{"action":"Lunch server","clientIp":null,"level":"info","message":"App is running on port5000","module":"Server","requestId":"Server Log","service":"tiiza-app","statusCode":500,"timestamp":"2023-04-29 03:38:59","userId":null}
{"action":"Lunch server","clientIp":null,"level":"info","message":"App is running on port5000","module":"Server","requestId":"Server Log","service":"tiiza-app","statusCode":500,"timestamp":"2023-04-29 03:39:41","userId":null}
{"action":"authentication","clientIp":"::1","level":"warn","message":"Validation Error ","method":"POST","module":"login.js","path":"/login","requestId":"2d4fd4b7-70d6-4941-9e4f-d707f094c6f0","service":"tiiza-app","statusCode":400,"timestamp":"2023-04-29 03:39:45","userId":null}
{"action":"POST Request","clientIp":"::1","level":"info","message":"Incoming request","method":"POST","module":"/login","path":"/login","requestId":"bcc2f82b-8030-4e02-a423-3f580748d8fb","service":"tiiza-app","statusCode":401,"timestamp":"2023-04-29 03:39:45","userId":2}
{"action":"Lunch server","clientIp":null,"level":"info","message":"App is running on port5000","module":"Server","requestId":"Server Log","service":"tiiza-app","statusCode":500,"timestamp":"2023-04-29 03:39:59","userId":null}
{"action":"authentication","clientIp":"::1","level":"warn","message":"Validation Error ","method":"POST","module":"login.js","path":"/login","requestId":"4887e082-874e-4184-b7d9-65e9c881a8d8","service":"tiiza-app","statusCode":400,"timestamp":"2023-04-29 03:40:02","userId":null}
{"action":"POST Request","clientIp":"::1","level":"info","message":"Incoming request","method":"POST","module":"/login","path":"/login","requestId":"d99aa297-3c6b-4129-bb8e-122bc740e91c","service":"tiiza-app","statusCode":401,"timestamp":"2023-04-29 03:40:02","userId":2}
{"action":"Lunch server","clientIp":null,"level":"info","message":"App is running on port5000","module":"Server","requestId":"Server Log","service":"tiiza-app","statusCode":500,"timestamp":"2023-04-29 03:40:42","userId":null}
{"action":"authentication","clientIp":"::1","level":"warn","message":"Validation Error ","method":"POST","module":"login.js","path":"/login","requestId":"98d33706-dbfa-49fc-a81b-7af679018d69","service":"tiiza-app","statusCode":400,"timestamp":"2023-04-29 03:40:45","userId":null}
{"action":"POST Request","clientIp":"::1","level":"info","message":"Incoming request","method":"POST","module":"/login","path":"/login","requestId":"2b03a1e8-b432-4d14-8514-4265dcd533ab","service":"tiiza-app","statusCode":401,"timestamp":"2023-04-29 03:40:45","userId":2}
{"action":"Lunch server","clientIp":null,"level":"info","message":"App is running on port5000","module":"Server","requestId":"Server Log","service":"tiiza-app","statusCode":500,"timestamp":"2023-04-29 03:40:54","userId":null}
{"action":"Lunch server","clientIp":null,"level":"info","message":"App is running on port5000","module":"Server","requestId":"Server Log","service":"tiiza-app","statusCode":500,"timestamp":"2023-04-29 03:41:17","userId":null}
{"action":"authentication","clientIp":"::1","level":"warn","message":"Validation Error ","method":"POST","module":"login.js","path":"/login","requestId":"b1ee73f7-076b-4cd5-904e-f6c8a8c12545","service":"tiiza-app","statusCode":400,"timestamp":"2023-04-29 03:41:21","userId":null}
{"action":"POST Request","clientIp":"::1","level":"info","message":"Incoming request","method":"POST","module":"/login","path":"/login","requestId":"d9ad7efd-3f1d-4b30-8005-9ca01dd9be1e","service":"tiiza-app","statusCode":401,"timestamp":"2023-04-29 03:41:21","userId":2}
{"action":"Lunch server","clientIp":null,"level":"info","message":"App is running on port5000","module":"Server","requestId":"Server Log","service":"tiiza-app","statusCode":500,"timestamp":"2023-04-29 03:42:28","userId":null}
{"action":"authentication","clientIp":"::1","level":"warn","message":"Validation Error ","method":"POST","module":"login.js","path":"/login","requestId":"a3a08c5d-2897-4634-b903-7e26fc147593","service":"tiiza-app","statusCode":400,"timestamp":"2023-04-29 03:42:37","userId":null}
{"action":"POST Request","clientIp":"::1","level":"info","message":"Incoming request","method":"POST","module":"/login","path":"/login","requestId":"a3a08c5d-2897-4634-b903-7e26fc147593","service":"tiiza-app","statusCode":401,"timestamp":"2023-04-29 03:42:37","userId":2}
{"action":"Lunch server","clientIp":null,"level":"info","message":"App is running on port5000","module":"Server","requestId":"Server Log","service":"tiiza-app","statusCode":500,"timestamp":"2023-04-29 03:43:47","userId":null}
{"action":"authentication","clientIp":"::1","level":"warn","message":"Validation Error ","method":"POST","module":"login.js","path":"/login","requestId":"625ff244-014f-41dd-ada0-07d8f15befb4","service":"tiiza-app","statusCode":400,"timestamp":"2023-04-29 03:43:53","userId":2}
{"action":"POST Request","clientIp":"::1","level":"info","message":"Incoming request","method":"POST","module":"/login","path":"/login","requestId":"625ff244-014f-41dd-ada0-07d8f15befb4","service":"tiiza-app","statusCode":401,"timestamp":"2023-04-29 03:43:53","userId":2}
{"action":"Lunch server","clientIp":null,"level":"info","message":"App is running on port5000","module":"Server","requestId":"Server Log","service":"tiiza-app","statusCode":500,"timestamp":"2023-04-29 03:46:09","userId":null}
{"action":"authentication","clientIp":"::1","level":"warn","message":"Validation Error ","method":"POST","module":"login.js","path":"/login","requestId":"3059b363-22ee-4288-acc9-ccef464fd11b","service":"tiiza-app","statusCode":400,"timestamp":"2023-04-29 03:46:13","userId":2}
{"clientIp":"::1","level":"info","message":"Incoming request","method":"POST","module":"/login","path":"/login","requestId":"3059b363-22ee-4288-acc9-ccef464fd11b","service":"tiiza-app","statusCode":401,"timestamp":"2023-04-29 03:46:14","userId":2}
{"action":"Lunch server","clientIp":null,"level":"info","message":"App is running on port5000","module":"Server","requestId":"Server Log","service":"tiiza-app","statusCode":500,"timestamp":"2023-04-29 03:54:54","userId":null}
{"action":"Lunch server","clientIp":null,"level":"info","message":"App is running on port5000","module":"Server","requestId":"Server Log","service":"tiiza-app","statusCode":500,"timestamp":"2023-04-29 03:55:57","userId":null}
{"action":"authentication","clientIp":"::1","level":"warn","message":"Validation Error ","method":"POST","module":"login.js","path":"/login","requestId":"652b2ab0-4e98-4302-b484-957273bc72d2","service":"tiiza-app","statusCode":400,"timestamp":"2023-04-29 03:56:07","userId":2}
{"clientIp":"::1","level":"info","message":"Incoming request","method":"POST","module":"/login","path":"/login","requestId":"652b2ab0-4e98-4302-b484-957273bc72d2","service":"tiiza-app","statusCode":401,"timestamp":"2023-04-29 03:56:07","userId":2}
{"action":"Lunch server","clientIp":null,"level":"info","message":"App is running on port5000","module":"Server","requestId":"Server Log","service":"tiiza-app","statusCode":500,"timestamp":"2023-04-29 03:57:14","userId":null}
{"action":"Lunch server","clientIp":null,"level":"info","message":"App is running on port5000","module":"Server","requestId":"Server Log","service":"tiiza-app","statusCode":500,"timestamp":"2023-04-29 03:57:28","userId":null}
{"action":"Lunch server","clientIp":null,"level":"info","message":"App is running on port5000","module":"Server","requestId":"Server Log","service":"tiiza-app","statusCode":500,"timestamp":"2023-04-29 03:57:31","userId":null}
{"action":"authentication","clientIp":"::1","level":"warn","message":"Validation Error ","method":"POST","module":"login.js","path":"/login","requestId":"4df1c33f-c117-4ccc-901d-12dc27ef8138","service":"tiiza-app","statusCode":400,"timestamp":"2023-04-29 03:57:35","userId":2}
{"clientIp":"::1","level":"info","message":"Incoming request","method":"POST","path":"/login","requestId":"4df1c33f-c117-4ccc-901d-12dc27ef8138","service":"tiiza-app","timestamp":"2023-04-29 03:57:35","userId":2}
{"action":"Lunch server","clientIp":null,"level":"info","message":"App is running on port5000","module":"Server","requestId":"Server Log","service":"tiiza-app","statusCode":500,"timestamp":"2023-04-29 03:58:58","userId":null}
{"action":"authentication","clientIp":"::1","level":"warn","message":"Validation Error ","method":"POST","module":"login.js","path":"/login","requestId":"60313c0c-5ad3-49db-81aa-3382c1c32f3c","service":"tiiza-app","statusCode":400,"timestamp":"2023-04-29 03:59:00","userId":2}
{"action":"POST Request","clientIp":"::1","level":"info","message":"Incoming request","method":"POST","path":"/login","requestId":"60313c0c-5ad3-49db-81aa-3382c1c32f3c","service":"tiiza-app","timestamp":"2023-04-29 03:59:00","userId":2}
{"action":"Lunch server","clientIp":null,"level":"info","message":"App is running on port5000","module":"Server","requestId":"Server Log","service":"tiiza-app","statusCode":500,"timestamp":"2023-04-29 04:00:35","userId":null}
{"action":"authentication","clientIp":"::1","level":"warn","message":"Validation Error ","method":"POST","module":"login.js","path":"/login","requestId":"f3ed0eac-30fa-414e-8c81-cb6546ec347c","service":"tiiza-app","statusCode":400,"timestamp":"2023-04-29 04:00:38","userId":2}
{"action":"POST","clientIp":"::1","level":"info","message":"Incoming request","path":"/login","requestId":"f3ed0eac-30fa-414e-8c81-cb6546ec347c","service":"tiiza-app","timestamp":"2023-04-29 04:00:38","userId":2}
{"action":"Lunch server","clientIp":null,"level":"info","message":"App is running on port5000","module":"Server","requestId":"Server Log","service":"tiiza-app","statusCode":500,"timestamp":"2023-04-29 04:01:19","userId":null}
{"action":"authentication","clientIp":"::1","level":"warn","message":"Validation Error ","method":"POST","module":"login.js","path":"/login","requestId":"b97ae957-557a-4a90-b2db-7f2624551fc9","service":"tiiza-app","statusCode":400,"timestamp":"2023-04-29 04:01:29","userId":2}
{"action":"POST","clientIp":"::1","level":"info","message":"Incoming request","path":"/login","requestId":"b97ae957-557a-4a90-b2db-7f2624551fc9","service":"tiiza-app","timestamp":"2023-04-29 04:01:29","userId":2}
{"action":"authentication","clientIp":"::1","level":"warn","message":"Failed Authentication attempt for email: callistus506@gmail.com. Reason: Incorrect password entered.","method":"POST","module":"login.js","path":"/login","requestId":"cf055cb8-2348-4019-bf97-1d02a21fc78f","service":"tiiza-app","statusCode":401,"timestamp":"2023-04-29 04:02:46","userId":2}
{"action":"POST","clientIp":"::1","level":"info","message":"Incoming request","path":"/login","requestId":"cf055cb8-2348-4019-bf97-1d02a21fc78f","service":"tiiza-app","timestamp":"2023-04-29 04:02:46","userId":2}
{"action":"Lunch server","clientIp":null,"level":"info","message":"App is running on port5000","module":"Server","requestId":"Server Log","service":"tiiza-app","statusCode":500,"timestamp":"2023-04-29 04:04:27","userId":null}
{"action":"Lunch server","clientIp":null,"level":"info","message":"App is running on port5000","module":"Server","requestId":"Server Log","service":"tiiza-app","statusCode":500,"timestamp":"2023-04-29 04:07:54","userId":null}
{"action":"authentication","clientIp":"::1","level":"warn","message":"Failed Authentication attempt for email: callistus506@gmail.com. Reason: Incorrect password entered.","method":"POST","module":"login.js","path":"/login","requestId":"2767d688-e790-4866-aabe-0b29f213d57a","service":"tiiza-app","statusCode":401,"timestamp":"2023-04-29 04:07:57","userId":2}
{"action":"POST","clientIp":"::1","level":"info","message":"Incoming request","path":"/login","requestId":"2767d688-e790-4866-aabe-0b29f213d57a","service":"tiiza-app","timestamp":"2023-04-29 04:07:57","userId":2}
{"action":"Lunch server","clientIp":null,"level":"info","message":"App is running on port5000","module":"Server","requestId":"Server Log","service":"tiiza-app","statusCode":500,"timestamp":"2023-04-29 04:08:26","userId":null}
{"action":"Lunch server","clientIp":null,"level":"info","message":"App is running on port5000","module":"Server","requestId":"Server Log","service":"tiiza-app","statusCode":500,"timestamp":"2023-04-29 04:08:34","userId":null}
{"action":"authentication","clientIp":"::1","level":"warn","message":"Failed Authentication attempt for email: callistus506@gmail.com. Reason: Incorrect password entered.","method":"POST","module":"login.js","path":"/login","requestId":"8f0eadcb-c13f-4eb3-b924-1a6cb429299e","service":"tiiza-app","statusCode":401,"timestamp":"2023-04-29 04:08:42","userId":2}
{"action":"POST","clientIp":"::1","level":"info","message":"Incoming request","path":"/login","requestId":"8f0eadcb-c13f-4eb3-b924-1a6cb429299e","service":"tiiza-app","timestamp":"2023-04-29 04:08:42","userId":2}
{"action":"Lunch server","clientIp":null,"level":"info","message":"App is running on port5000","module":"Server","requestId":"Server Log","service":"tiiza-app","statusCode":500,"timestamp":"2023-04-29 04:09:40","userId":null}
{"action":"authentication","clientIp":"::1","level":"warn","message":"Failed Authentication attempt for email: callistus506@gmail.com. Reason: Incorrect password entered.","method":"POST","module":"login.js","path":"/login","requestId":"b1172141-eb4f-4406-87f0-cd0add02f66a","service":"tiiza-app","statusCode":401,"timestamp":"2023-04-29 04:09:48","userId":2}
{"action":"POST","clientIp":"::1","level":"info","message":"Incoming request","path":"/login","requestId":"b1172141-eb4f-4406-87f0-cd0add02f66a","service":"tiiza-app","timestamp":"2023-04-29 04:09:48","userId":2}
{"action":"Lunch server","clientIp":null,"level":"info","message":"App is running on port5000","module":"Server","requestId":"Server Log","service":"tiiza-app","statusCode":500,"timestamp":"2023-04-29 04:10:39","userId":null}
{"action":"authentication","clientIp":"::1","level":"warn","message":"Failed Authentication attempt for email: callistus506@gmail.com. Reason: Incorrect password entered.","method":"POST","module":"login.js","path":"/login","requestId":"81bd8dd0-205a-423a-beb4-0fe10375d215","service":"tiiza-app","statusCode":401,"timestamp":"2023-04-29 04:10:42","userId":2}
{"action":"POST","clientIp":"::1","level":"info","message":"Incoming request","path":"/login","requestId":"81bd8dd0-205a-423a-beb4-0fe10375d215","service":"tiiza-app","timestamp":"2023-04-29 04:10:42","userId":2}
{"action":"Lunch server","clientIp":null,"level":"info","message":"App is running on port5000","module":"Server","requestId":"Server Log","service":"tiiza-app","statusCode":500,"timestamp":"2023-04-29 04:11:50","userId":null}
{"action":"authentication","clientIp":"::1","level":"warn","message":"Failed Authentication attempt for email: callistus506@gmail.com. Reason: Incorrect password entered.","method":"POST","module":"login.js","path":"/login","requestId":"3e1b7301-6b25-42b1-8456-38d026660995","service":"tiiza-app","statusCode":401,"timestamp":"2023-04-29 04:11:52","userId":2}
{"action":"POST","clientIp":"::1","level":"info","message":"Incoming request","path":"/login","requestId":"3e1b7301-6b25-42b1-8456-38d026660995","service":"tiiza-app","timestamp":"2023-04-29 04:11:52","userId":2}
{"action":"Lunch server","clientIp":null,"level":"info","message":"App is running on port5000","module":"Server","requestId":"Server Log","service":"tiiza-app","statusCode":500,"timestamp":"2023-04-29 04:18:54","userId":null}
{"action":"Lunch server","clientIp":null,"level":"info","message":"App is running on port5000","module":"Server","requestId":"Server Log","service":"tiiza-app","statusCode":500,"timestamp":"2023-04-29 04:19:25","userId":null}
{"action":"Lunch server","clientIp":null,"level":"info","message":"App is running on port5000","module":"Server","requestId":"Server Log","service":"tiiza-app","statusCode":500,"timestamp":"2023-04-29 04:20:57","userId":null}
{"action":"Lunch server","clientIp":null,"level":"info","message":"App is running on port5000","module":"Server","requestId":"Server Log","service":"tiiza-app","statusCode":500,"timestamp":"2023-04-29 04:21:52","userId":null}
{"action":"Lunch server","clientIp":null,"level":"info","message":"App is running on port5000","module":"Server","requestId":"Server Log","service":"tiiza-app","statusCode":500,"timestamp":"2023-04-29 04:25:20","userId":null}
{"action":"Lunch server","clientIp":null,"level":"info","message":"App is running on port5000","module":"Server","requestId":"Server Log","service":"tiiza-app","statusCode":500,"timestamp":"2023-04-29 04:26:54","userId":null}
{"action":"Lunch server","clientIp":null,"level":"info","message":"App is running on port5000","module":"Server","requestId":"Server Log","service":"tiiza-app","statusCode":500,"timestamp":"2023-04-29 04:27:17","userId":null}
{"action":"Lunch server","clientIp":null,"level":"info","message":"App is running on port5000","module":"app.js","requestId":null,"serverPort":"5000","service":"tiiza-app","statusCode":200,"timestamp":"2023-04-29 04:28:58","userId":null}
{"action":"Lunch server","clientIp":null,"level":"info","message":"App is running on port5000","module":"app.js","requestId":null,"serverPort":"5000","service":"tiiza-app","statusCode":200,"timestamp":"2023-04-29 04:30:31","userId":null}
{"action":"Lunch server","clientIp":null,"level":"info","message":"App is running on port5000","module":"app.js","requestId":null,"serverPort":"5000","service":"tiiza-app","statusCode":200,"timestamp":"2023-04-29 04:34:05","userId":null}
{"action":"Lunch server","clientIp":null,"level":"info","message":"App is running on port5000","module":"app.js","requestId":null,"serverPort":"5000","service":"tiiza-app","statusCode":200,"timestamp":"2023-04-29 04:34:35","userId":null}
{"action":"Lunch server","clientIp":null,"level":"info","message":"App is running on port5000","module":"app.js","requestId":null,"serverPort":"5000","service":"tiiza-app","statusCode":200,"timestamp":"2023-04-29 04:36:02","userId":null}
{"action":"Lunch server","clientIp":null,"level":"info","message":"App is running on port5000","module":"app.js","requestId":null,"serverPort":"5000","service":"tiiza-app","statusCode":200,"timestamp":"2023-04-29 04:38:01","userId":null}
{"action":"Lunch server","clientIp":null,"level":"info","message":"App is running on port5000","module":"app.js","requestId":null,"serverPort":"5000","service":"tiiza-app","statusCode":200,"timestamp":"2023-04-29 04:38:09","userId":null}
{"action":"Lunch server","clientIp":null,"level":"info","message":"App is running on port5000","module":"app.js","requestId":null,"serverPort":"5000","service":"tiiza-app","statusCode":200,"timestamp":"2023-04-29 04:40:01","userId":null}
{"action":"Lunch server","clientIp":null,"level":"info","message":"App is running on port5000","module":"app.js","requestId":null,"serverPort":"5000","service":"tiiza-app","statusCode":200,"timestamp":"2023-04-29 04:40:17","userId":null}
{"action":"Lunch server","clientIp":null,"level":"info","message":"App is running on port5000","module":"app.js","requestId":null,"serverPort":"5000","service":"tiiza-app","statusCode":200,"timestamp":"2023-04-29 04:43:17","userId":null}
{"action":"Lunch server","clientIp":null,"level":"info","message":"App is running on port5000","module":"app.js","requestId":null,"serverPort":"5000","service":"tiiza-app","statusCode":200,"timestamp":"2023-04-29 04:43:33","userId":null}
{"action":"Lunch server","clientIp":null,"level":"info","message":"App is running on port5000","module":"app.js","requestId":null,"serverPort":"5000","service":"tiiza-app","statusCode":200,"timestamp":"2023-04-29 04:43:39","userId":null}
{"action":"Lunch server","clientIp":null,"level":"info","message":"App is running on port5000","module":"app.js","requestId":null,"serverPort":"5000","service":"tiiza-app","statusCode":200,"timestamp":"2023-04-29 04:45:30","userId":null}
{"action":"POST","clientIp":"::ffff:127.0.0.1","level":"info","message":"Incoming request","path":"/register","requestId":"b4c9f80f-8407-46b3-af85-1397598e8800","service":"tiiza-app","timestamp":"2023-04-29 04:45:41","userId":null}
{"action":"POST","clientIp":"::ffff:127.0.0.1","level":"info","message":"Incoming request","path":"/api/v1/register","requestId":"ec4d9edb-357a-4f1d-b507-ef069517877d","service":"tiiza-app","timestamp":"2023-04-29 04:45:57","userId":null}
{"action":"POST","clientIp":"::ffff:127.0.0.1","level":"info","message":"Incoming request","path":"/api/v1/register","requestId":"4c6dde7b-26eb-4cd2-9a70-8d4e13483958","service":"tiiza-app","timestamp":"2023-04-29 04:46:09","userId":null}
{"action":"POST","clientIp":"::ffff:127.0.0.1","level":"info","message":"Incoming request","path":"/register","requestId":"dcf8c255-8910-4399-81af-701ce5244370","service":"tiiza-app","timestamp":"2023-04-29 04:46:27","userId":null}
{"action":"Lunch server","clientIp":null,"level":"info","message":"App is running on port5000","module":"app.js","requestId":null,"serverPort":"5000","service":"tiiza-app","statusCode":200,"timestamp":"2023-04-29 04:46:49","userId":null}
{"action":"Send mail OTP","clientIp":"::ffff:127.0.0.1","level":"error","message":"Invalid login: 535 Incorrect authentication data","method":"POST","module":"reisterController.js","path":"/register","requestId":"f3430666-8c64-4c71-9502-4ec68fde4602","service":"tiiza-app","statusCode":500,"timestamp":"2023-04-29 04:46:57","userId":null}
{"action":"POST","clientIp":"::ffff:127.0.0.1","level":"info","message":"Incoming request","path":"/api/v1/register","requestId":"f3430666-8c64-4c71-9502-4ec68fde4602","service":"tiiza-app","timestamp":"2023-04-29 04:46:57","userId":null}
{"action":"Send mail OTP","clientIp":"::ffff:127.0.0.1","level":"error","message":"Invalid login: 535 Incorrect authentication data","method":"POST","module":"reisterController.js","path":"/register","requestId":"745d558c-6eab-40ff-b412-a8a79a502aa1","service":"tiiza-app","statusCode":500,"timestamp":"2023-04-29 04:47:34","userId":null}
{"action":"POST","clientIp":"::ffff:127.0.0.1","level":"info","message":"Incoming request","path":"/api/v1/register","requestId":"745d558c-6eab-40ff-b412-a8a79a502aa1","service":"tiiza-app","timestamp":"2023-04-29 04:47:34","userId":null}
{"action":"Send mail OTP","clientIp":"::ffff:127.0.0.1","level":"error","message":"Invalid login: 535 Incorrect authentication data","method":"POST","module":"reisterController.js","path":"/register","requestId":"50179e9e-5d89-40d3-ad63-fedc3b98f543","service":"tiiza-app","statusCode":500,"timestamp":"2023-04-29 04:48:40","userId":null}
{"action":"POST","clientIp":"::ffff:127.0.0.1","level":"info","message":"Incoming request","path":"/api/v1/register","requestId":"50179e9e-5d89-40d3-ad63-fedc3b98f543","service":"tiiza-app","timestamp":"2023-04-29 04:48:40","userId":null}
{"action":"Lunch server","clientIp":null,"level":"info","message":"App is running on port5000","module":"app.js","requestId":null,"serverPort":"5000","service":"tiiza-app","statusCode":200,"timestamp":"2023-04-29 04:54:31","userId":null}
{"action":"Lunch server","clientIp":null,"level":"info","message":"App is running on port5000","module":"app.js","requestId":null,"serverPort":"5000","service":"tiiza-app","statusCode":200,"timestamp":"2023-04-29 04:55:39","userId":null}
{"action":"Lunch server","clientIp":null,"level":"info","message":"App is running on port5000","module":"app.js","requestId":null,"serverPort":"5000","service":"tiiza-app","statusCode":200,"timestamp":"2023-04-29 04:56:02","userId":null}
{"action":"Lunch server","clientIp":null,"level":"info","message":"App is running on port5000","module":"app.js","requestId":null,"serverPort":"5000","service":"tiiza-app","statusCode":200,"timestamp":"2023-04-29 04:56:25","userId":null}
{"action":"Lunch server","clientIp":null,"level":"info","message":"App is running on port5000","module":"app.js","requestId":null,"serverPort":"5000","service":"tiiza-app","statusCode":200,"timestamp":"2023-04-29 04:56:41","userId":null}
{"action":"Lunch server","clientIp":null,"level":"info","message":"App is running on port5000","module":"app.js","requestId":null,"serverPort":"5000","service":"tiiza-app","statusCode":200,"timestamp":"2023-04-29 04:56:49","userId":null}
{"action":"Lunch server","clientIp":null,"level":"info","message":"App is running on port5000","module":"app.js","requestId":null,"serverPort":"5000","service":"tiiza-app","statusCode":200,"timestamp":"2023-04-29 05:09:52","userId":null}
{"action":"Lunch server","clientIp":null,"level":"info","message":"App is running on port5000","module":"app.js","requestId":null,"serverPort":"5000","service":"tiiza-app","statusCode":200,"timestamp":"2023-04-29 05:11:47","userId":null}
{"action":"Lunch server","clientIp":null,"level":"info","message":"App is running on port5000","module":"app.js","requestId":null,"serverPort":"5000","service":"tiiza-app","statusCode":200,"timestamp":"2023-04-29 05:13:57","userId":null}
{"action":"Lunch server","clientIp":null,"level":"info","message":"App is running on port5000","module":"app.js","requestId":null,"serverPort":"5000","service":"tiiza-app","statusCode":200,"timestamp":"2023-04-29 05:15:25","userId":null}
{"action":"Lunch server","clientIp":null,"level":"info","message":"App is running on port5000","module":"app.js","requestId":null,"serverPort":"5000","service":"tiiza-app","statusCode":200,"timestamp":"2023-04-29 05:15:39","userId":null}
{"action":"Lunch server","clientIp":null,"level":"info","message":"App is running on port5000","module":"app.js","requestId":null,"serverPort":"5000","service":"tiiza-app","statusCode":200,"timestamp":"2023-04-29 05:16:17","userId":null}
{"action":"Lunch server","clientIp":null,"level":"info","message":"App is running on port5000","module":"app.js","requestId":null,"serverPort":"5000","service":"tiiza-app","statusCode":200,"timestamp":"2023-04-29 05:20:05","userId":null}
{"action":"Lunch server","clientIp":null,"level":"info","message":"App is running on port5000","module":"app.js","requestId":null,"serverPort":"5000","service":"tiiza-app","statusCode":200,"timestamp":"2023-04-29 05:21:56","userId":null}
{"action":"Lunch server","clientIp":null,"level":"info","message":"App is running on port5000","module":"app.js","requestId":null,"serverPort":"5000","service":"tiiza-app","statusCode":200,"timestamp":"2023-04-29 05:22:30","userId":null}
{"action":"Lunch server","clientIp":null,"level":"info","message":"App is running on port5000","module":"app.js","requestId":null,"serverPort":"5000","service":"tiiza-app","statusCode":200,"timestamp":"2023-04-29 05:23:17","userId":null}
{"action":"Lunch server","clientIp":null,"level":"info","message":"App is running on port5000","module":"app.js","requestId":null,"serverPort":"5000","service":"tiiza-app","statusCode":200,"timestamp":"2023-04-29 05:26:14","userId":null}
{"action":"Lunch server","clientIp":null,"level":"info","message":"App is running on port5000","module":"app.js","requestId":null,"serverPort":"5000","service":"tiiza-app","statusCode":200,"timestamp":"2023-04-29 05:26:49","userId":null}
{"action":"Lunch server","clientIp":null,"level":"info","message":"App is running on port5000","module":"app.js","requestId":null,"serverPort":"5000","service":"tiiza-app","statusCode":200,"timestamp":"2023-04-29 05:29:44","userId":null}
{"action":"Lunch server","clientIp":null,"level":"info","message":"App is running on port5000","module":"app.js","requestId":null,"serverPort":"5000","service":"tiiza-app","statusCode":200,"timestamp":"2023-04-29 05:32:28","userId":null}
{"action":"Lunch server","clientIp":null,"level":"info","message":"App is running on port5000","module":"app.js","requestId":null,"serverPort":"5000","service":"tiiza-app","statusCode":200,"timestamp":"2023-04-29 05:33:27","userId":null}
{"action":"Lunch server","clientIp":null,"level":"info","message":"App is running on port5000","module":"app.js","requestId":null,"serverPort":"5000","service":"tiiza-app","statusCode":200,"timestamp":"2023-04-29 05:33:33","userId":null}
{"action":"Lunch server","clientIp":null,"level":"info","message":"App is running on port5000","module":"app.js","requestId":null,"serverPort":"5000","service":"tiiza-app","statusCode":200,"timestamp":"2023-04-29 05:34:31","userId":null}
{"action":"Lunch server","clientIp":null,"level":"info","message":"App is running on port5000","module":"app.js","requestId":null,"serverPort":"5000","service":"tiiza-app","statusCode":200,"timestamp":"2023-04-29 05:37:40","userId":null}
{"action":"Lunch server","clientIp":null,"level":"info","message":"App is running on port5000","module":"app.js","requestId":null,"serverPort":"5000","service":"tiiza-app","statusCode":200,"timestamp":"2023-04-29 05:38:33","userId":null}
{"action":"Lunch server","clientIp":null,"level":"info","message":"App is running on port5000","module":"app.js","requestId":null,"serverPort":"5000","service":"tiiza-app","statusCode":200,"timestamp":"2023-04-29 05:41:13","userId":null}
{"action":"Authorization","clientIp":"::ffff:127.0.0.1","level":"warn","message":"Authorization Error","method":"POST","module":"auth.js","path":"/flw/payment/card-payment","requestId":"bc3ebbd3-636e-4d03-97bb-de2188d32415","service":"tiiza-app","statusCode":401,"timestamp":"2023-04-29 05:41:48","userId":null}
{"action":"POST","clientIp":"::ffff:127.0.0.1","level":"info","message":"Incoming request","path":"/flw/payment/card-payment","requestId":"bc3ebbd3-636e-4d03-97bb-de2188d32415","service":"tiiza-app","timestamp":"2023-04-29 05:41:49","userId":null}
{"action":"authentication","clientIp":"::ffff:127.0.0.1","level":"info","message":"Authentication successful","method":"POST","module":"login.js","path":"/login","requestId":"6c8e57cd-845a-42f9-ab16-776ef54c6d06","service":"tiiza-app","statusCode":200,"timestamp":"2023-04-29 05:41:55","userId":2}
{"action":"POST","clientIp":"::ffff:127.0.0.1","level":"info","message":"Incoming request","path":"/login","requestId":"6c8e57cd-845a-42f9-ab16-776ef54c6d06","service":"tiiza-app","timestamp":"2023-04-29 05:41:55","userId":2}
{"action":"POST","clientIp":"::ffff:127.0.0.1","level":"info","message":"Incoming request","path":"/api/v1/flw/payment/card-payment","requestId":"481060f1-b346-466f-b13f-2f11ad1505a0","service":"tiiza-app","timestamp":"2023-04-29 05:42:02","userId":2}
{"action":"POST","clientIp":"::ffff:127.0.0.1","level":"info","message":"Incoming request","path":"/flw/payment/card-payment","requestId":"10a901d8-326b-496e-9f68-09f08e8fce02","service":"tiiza-app","timestamp":"2023-04-29 05:42:11","userId":2}
{"action":"POST","clientIp":"::ffff:127.0.0.1","level":"info","message":"Incoming request","path":"/flw/payment/card-payment/authorization","requestId":"3946c409-3a8d-40b9-bb3e-a4bf97bbaabe","service":"tiiza-app","timestamp":"2023-04-29 05:42:20","userId":2}
{"action":"Card Payment","clientIp":"::ffff:127.0.0.1","level":"info","message":" Successful Subscription Payment  | Amount :  ₦100.00. Subscription duration:14 days, Subscription Name tiiza_real","method":"POST","module":"cardPaymentController.js","path":"/flw/payment/card-payment/validation","requestId":"2961075c-361f-4bd9-bad9-2f5c140f5d59","service":"tiiza-app","statusCode":201,"timestamp":"2023-04-29 05:42:58","userId":2}
{"action":"POST","clientIp":"::ffff:127.0.0.1","level":"info","message":"Incoming request","path":"/flw/payment/card-payment/validation","requestId":"2961075c-361f-4bd9-bad9-2f5c140f5d59","service":"tiiza-app","timestamp":"2023-04-29 05:42:58","userId":2}
